<?xml version="1.0" encoding="UTF-8"?>
<testng-results ignored="0" total="1" passed="1" failed="0" skipped="0">
  <reporter-output>
  </reporter-output>
  <suite started-at="2023-04-26T13:30:06 IST" name="Default suite" finished-at="2023-04-26T13:30:10 IST" duration-ms="4791">
    <groups>
    </groups>
    <test started-at="2023-04-26T13:30:06 IST" name="Default test" finished-at="2023-04-26T13:30:10 IST" duration-ms="4791">
      <class name="parametersPractice.Parameters">
        <test-method signature="m1()[pri:0, instance:parametersPractice.Parameters@15c43bd9]" started-at="2023-04-26T13:30:06 IST" name="m1" finished-at="2023-04-26T13:30:10 IST" duration-ms="4769" status="PASS">
          <reporter-output>
          </reporter-output>
        </test-method> <!-- m1 -->
      </class> <!-- parametersPractice.Parameters -->
    </test> <!-- Default test -->
  </suite> <!-- Default suite -->
</testng-results>
